android/app/build/intermediates/manifest_merge_blame_file/release/manifest-merger-blame-release-report.txt
1<?xml version="1.0" encoding="utf-8"?>
2<manifest xmlns:android="http://schemas.android.com/apk/res/android"
3    package="com.vrexperts.fastapp"
4    android:versionCode="5"
5    android:versionName="1.0.0" >
6
7    <uses-sdk
8        android:minSdkVersion="22"
8-->src\main\AndroidManifest.xml
9        android:targetSdkVersion="28" />
9-->src\main\AndroidManifest.xml
10
11    <permission
11-->src\main\AndroidManifest.xml:7:3-9:42
12        android:name="com.vrexperts.fastapp.permission.C2D_MESSAGE"
12-->src\main\AndroidManifest.xml:8:5-64
13        android:protectionLevel="signature" />
13-->src\main\AndroidManifest.xml:9:5-40
14
15    <!-- These are required permissions to make the app run -->
16    <uses-permission android:name="com.vrexperts.fastapp.permission.C2D_MESSAGE" />
16-->src\main\AndroidManifest.xml:12:3-82
16-->src\main\AndroidManifest.xml:12:20-79
17    <uses-permission android:name="com.google.android.c2dm.permission.RECEIVE" />
17-->src\main\AndroidManifest.xml:13:3-80
17-->src\main\AndroidManifest.xml:13:20-77
18    <uses-permission android:name="android.permission.ACCESS_NETWORK_STATE" />
18-->src\main\AndroidManifest.xml:14:3-77
18-->src\main\AndroidManifest.xml:14:20-74
19    <uses-permission android:name="android.permission.INTERNET" />
19-->src\main\AndroidManifest.xml:15:3-65
19-->src\main\AndroidManifest.xml:15:20-62
20    <uses-permission android:name="android.permission.SYSTEM_ALERT_WINDOW" />
20-->src\main\AndroidManifest.xml:16:3-76
20-->src\main\AndroidManifest.xml:16:20-73
21    <uses-permission android:name="android.permission.WAKE_LOCK" />
21-->src\main\AndroidManifest.xml:17:3-66
21-->src\main\AndroidManifest.xml:17:20-63
22
23    <!-- ADD PERMISSIONS HERE -->
24    <!-- BEGIN OPTIONAL PERMISSIONS -->
25    <uses-permission android:name="android.permission.MANAGE_DOCUMENTS" />
25-->src\main\AndroidManifest.xml:21:3-73
25-->src\main\AndroidManifest.xml:21:20-70
26    <uses-permission android:name="android.permission.READ_INTERNAL_STORAGE" />
26-->src\main\AndroidManifest.xml:22:3-78
26-->src\main\AndroidManifest.xml:22:20-75
27    <uses-permission android:name="android.permission.READ_PHONE_STATE" />
27-->src\main\AndroidManifest.xml:23:3-73
27-->src\main\AndroidManifest.xml:23:20-70
28    <uses-permission android:name="android.permission.USE_FINGERPRINT" />
28-->src\main\AndroidManifest.xml:24:3-72
28-->src\main\AndroidManifest.xml:24:20-69
29    <uses-permission android:name="android.permission.VIBRATE" />
29-->src\main\AndroidManifest.xml:25:3-64
29-->src\main\AndroidManifest.xml:25:20-61
30    <uses-permission android:name="com.android.launcher.permission.INSTALL_SHORTCUT" />
30-->src\main\AndroidManifest.xml:26:3-86
30-->src\main\AndroidManifest.xml:26:20-83
31    <uses-permission android:name="android.permission.MODIFY_AUDIO_SETTINGS" />
31-->src\main\AndroidManifest.xml:27:3-78
31-->src\main\AndroidManifest.xml:27:20-75
32
33    <!-- These require runtime permissions on M -->
34    <uses-permission android:name="android.permission.ACCESS_COARSE_LOCATION" />
34-->src\main\AndroidManifest.xml:30:3-79
34-->src\main\AndroidManifest.xml:30:20-76
35    <uses-permission android:name="android.permission.ACCESS_FINE_LOCATION" />
35-->src\main\AndroidManifest.xml:31:3-77
35-->src\main\AndroidManifest.xml:31:20-74
36    <uses-permission android:name="android.permission.CAMERA" />
36-->src\main\AndroidManifest.xml:32:3-63
36-->src\main\AndroidManifest.xml:32:20-60
37    <uses-permission android:name="android.permission.READ_CONTACTS" />
37-->src\main\AndroidManifest.xml:33:3-70
37-->src\main\AndroidManifest.xml:33:20-67
38    <uses-permission android:name="android.permission.READ_CALENDAR" />
38-->src\main\AndroidManifest.xml:34:3-70
38-->src\main\AndroidManifest.xml:34:20-67
39    <uses-permission android:name="android.permission.WRITE_CALENDAR" />
39-->src\main\AndroidManifest.xml:35:3-71
39-->src\main\AndroidManifest.xml:35:20-68
40    <uses-permission android:name="android.permission.READ_EXTERNAL_STORAGE" />
40-->src\main\AndroidManifest.xml:36:3-78
40-->src\main\AndroidManifest.xml:36:20-75
41    <uses-permission android:name="android.permission.RECORD_AUDIO" />
41-->src\main\AndroidManifest.xml:37:3-69
41-->src\main\AndroidManifest.xml:37:20-66
42    <uses-permission android:name="android.permission.WRITE_EXTERNAL_STORAGE" />
42-->src\main\AndroidManifest.xml:38:3-79
42-->src\main\AndroidManifest.xml:38:20-76
43    <uses-permission android:name="android.permission.WRITE_SETTINGS" />
43-->src\main\AndroidManifest.xml:39:3-71
43-->src\main\AndroidManifest.xml:39:20-68
44    <!-- END OPTIONAL PERMISSIONS -->
45
46
47    <!-- ADD TEST PERMISSIONS HERE -->
48
49    <uses-feature
49-->src\main\AndroidManifest.xml:44:3-77
50        android:glEsVersion="0x00020000"
50-->src\main\AndroidManifest.xml:44:17-49
51        android:required="true" />
51-->src\main\AndroidManifest.xml:44:50-74
52    <uses-feature
52-->src\main\AndroidManifest.xml:45:3-85
53        android:name="android.software.leanback"
53-->src\main\AndroidManifest.xml:45:17-57
54        android:required="false" />
54-->src\main\AndroidManifest.xml:45:58-82
55    <uses-feature
55-->src\main\AndroidManifest.xml:46:3-88
56        android:name="android.hardware.touchscreen"
56-->src\main\AndroidManifest.xml:46:17-60
57        android:required="false" />
57-->src\main\AndroidManifest.xml:46:61-85
58
59    <!-- WHEN_VERSIONING_REMOVE_FROM_HERE -->
60    <supports-screens
60-->[host.exp.exponent:expoview:36.0.0] AndroidManifest.xml:13:5-19:24
61        android:anyDensity="true"
61-->[host.exp.exponent:expoview:36.0.0] AndroidManifest.xml:14:9-34
62        android:largeScreens="true"
62-->[host.exp.exponent:expoview:36.0.0] AndroidManifest.xml:15:9-36
63        android:normalScreens="true"
63-->[host.exp.exponent:expoview:36.0.0] AndroidManifest.xml:16:9-37
64        android:smallScreens="true"
64-->[host.exp.exponent:expoview:36.0.0] AndroidManifest.xml:17:9-36
65        android:xlargeScreens="true" >
65-->[host.exp.exponent:expoview:36.0.0] AndroidManifest.xml:18:9-37
66    </supports-screens>
67
68    <uses-permission android:name="host.exp.exponent.permission.C2D_MESSAGE" /> <!-- Used by react-native-netinfo module -->
68-->[host.exp.exponent:expoview:36.0.0] AndroidManifest.xml:26:5-80
68-->[host.exp.exponent:expoview:36.0.0] AndroidManifest.xml:26:22-77
69    <uses-permission android:name="android.permission.ACCESS_WIFI_STATE" />
69-->[host.exp.exponent:expoview:36.0.0] AndroidManifest.xml:34:5-76
69-->[host.exp.exponent:expoview:36.0.0] AndroidManifest.xml:34:22-73
70
71    <uses-feature
71-->[host.exp.exponent:expoview:36.0.0] AndroidManifest.xml:47:5-49:36
72        android:name="android.hardware.camera"
72-->[host.exp.exponent:expoview:36.0.0] AndroidManifest.xml:48:9-47
73        android:required="false" />
73-->[host.exp.exponent:expoview:36.0.0] AndroidManifest.xml:49:9-33
74    <uses-feature
74-->[host.exp.exponent:expoview:36.0.0] AndroidManifest.xml:50:5-52:36
75        android:name="android.hardware.camera.autofocus"
75-->[host.exp.exponent:expoview:36.0.0] AndroidManifest.xml:51:9-57
76        android:required="false" />
76-->[host.exp.exponent:expoview:36.0.0] AndroidManifest.xml:52:9-33
77    <uses-feature
77-->[host.exp.exponent:expoview:36.0.0] AndroidManifest.xml:53:5-55:36
78        android:name="android.hardware.location"
78-->[host.exp.exponent:expoview:36.0.0] AndroidManifest.xml:54:9-49
79        android:required="false" />
79-->[host.exp.exponent:expoview:36.0.0] AndroidManifest.xml:55:9-33
80    <uses-feature
80-->[host.exp.exponent:expoview:36.0.0] AndroidManifest.xml:56:5-58:36
81        android:name="android.hardware.location.gps"
81-->[host.exp.exponent:expoview:36.0.0] AndroidManifest.xml:57:9-53
82        android:required="false" />
82-->[host.exp.exponent:expoview:36.0.0] AndroidManifest.xml:58:9-33
83    <uses-feature
83-->[host.exp.exponent:expoview:36.0.0] AndroidManifest.xml:59:5-61:36
84        android:name="android.hardware.location.network"
84-->[host.exp.exponent:expoview:36.0.0] AndroidManifest.xml:60:9-57
85        android:required="false" />
85-->[host.exp.exponent:expoview:36.0.0] AndroidManifest.xml:61:9-33
86    <uses-feature
86-->[host.exp.exponent:expoview:36.0.0] AndroidManifest.xml:62:5-64:36
87        android:name="android.hardware.wifi"
87-->[host.exp.exponent:expoview:36.0.0] AndroidManifest.xml:63:9-45
88        android:required="false" />
88-->[host.exp.exponent:expoview:36.0.0] AndroidManifest.xml:64:9-33
89    <uses-feature
89-->[host.exp.exponent:expoview:36.0.0] AndroidManifest.xml:65:5-67:36
90        android:name="android.hardware.microphone"
90-->[host.exp.exponent:expoview:36.0.0] AndroidManifest.xml:66:9-51
91        android:required="false" />
91-->[host.exp.exponent:expoview:36.0.0] AndroidManifest.xml:67:9-33
92    <uses-feature
92-->[host.exp.exponent:expoview:36.0.0] AndroidManifest.xml:68:5-70:36
93        android:name="android.hardware.telephony"
93-->[host.exp.exponent:expoview:36.0.0] AndroidManifest.xml:69:9-50
94        android:required="false" />
94-->[host.exp.exponent:expoview:36.0.0] AndroidManifest.xml:70:9-33
95    <uses-feature
95-->[host.exp.exponent:expoview:36.0.0] AndroidManifest.xml:71:5-73:36
96        android:name="android.hardware.bluetooth"
96-->[host.exp.exponent:expoview:36.0.0] AndroidManifest.xml:72:9-50
97        android:required="false" />
97-->[host.exp.exponent:expoview:36.0.0] AndroidManifest.xml:73:9-33
98
99    <uses-permission android:name="android.permission.STORAGE" />
99-->[:expo-file-system] AndroidManifest.xml:15:5-66
99-->[:expo-file-system] AndroidManifest.xml:15:22-63
100    <uses-permission android:name="android.permission.FOREGROUND_SERVICE" />
100-->[:expo-location] AndroidManifest.xml:13:5-77
100-->[:expo-location] AndroidManifest.xml:13:22-74
101    <uses-permission android:name="com.google.android.finsky.permission.BIND_GET_INSTALL_REFERRER_SERVICE" /> <!-- for android -->
101-->[com.google.android.gms:play-services-measurement:16.5.0] AndroidManifest.xml:26:5-110
101-->[com.google.android.gms:play-services-measurement:16.5.0] AndroidManifest.xml:26:22-107
102    <!-- <uses-permission android:name="com.android.launcher.permission.READ_SETTINGS"/> -->
103    <!-- <uses-permission android:name="com.android.launcher.permission.WRITE_SETTINGS"/> -->
104    <!-- <uses-permission android:name="com.android.launcher.permission.INSTALL_SHORTCUT" /> -->
105    <!-- <uses-permission android:name="com.android.launcher.permission.UNINSTALL_SHORTCUT" /> -->
106    <!-- for Samsung -->
107    <uses-permission android:name="com.sec.android.provider.badge.permission.READ" />
107-->[me.leolin:ShortcutBadger:1.1.4] AndroidManifest.xml:19:5-86
107-->[me.leolin:ShortcutBadger:1.1.4] AndroidManifest.xml:19:22-83
108    <uses-permission android:name="com.sec.android.provider.badge.permission.WRITE" /> <!-- for htc -->
108-->[me.leolin:ShortcutBadger:1.1.4] AndroidManifest.xml:20:5-87
108-->[me.leolin:ShortcutBadger:1.1.4] AndroidManifest.xml:20:22-84
109    <uses-permission android:name="com.htc.launcher.permission.READ_SETTINGS" />
109-->[me.leolin:ShortcutBadger:1.1.4] AndroidManifest.xml:23:5-81
109-->[me.leolin:ShortcutBadger:1.1.4] AndroidManifest.xml:23:22-78
110    <uses-permission android:name="com.htc.launcher.permission.UPDATE_SHORTCUT" /> <!-- for sony -->
110-->[me.leolin:ShortcutBadger:1.1.4] AndroidManifest.xml:24:5-83
110-->[me.leolin:ShortcutBadger:1.1.4] AndroidManifest.xml:24:22-80
111    <uses-permission android:name="com.sonyericsson.home.permission.BROADCAST_BADGE" /> <!-- for apex -->
111-->[me.leolin:ShortcutBadger:1.1.4] AndroidManifest.xml:27:5-88
111-->[me.leolin:ShortcutBadger:1.1.4] AndroidManifest.xml:27:22-85
112    <uses-permission android:name="com.anddoes.launcher.permission.UPDATE_COUNT" /> <!-- for solid -->
112-->[me.leolin:ShortcutBadger:1.1.4] AndroidManifest.xml:30:5-84
112-->[me.leolin:ShortcutBadger:1.1.4] AndroidManifest.xml:30:22-81
113    <uses-permission android:name="com.majeur.launcher.permission.UPDATE_BADGE" />
113-->[me.leolin:ShortcutBadger:1.1.4] AndroidManifest.xml:33:5-83
113-->[me.leolin:ShortcutBadger:1.1.4] AndroidManifest.xml:33:22-80
114    <uses-permission android:name="com.google.android.providers.gsf.permission.READ_GSERVICES" />
114-->[io.nlopez.smartlocation:library:3.2.11] AndroidManifest.xml:15:5-98
114-->[io.nlopez.smartlocation:library:3.2.11] AndroidManifest.xml:15:22-95
115    <uses-permission android:name="com.google.android.gms.permission.ACTIVITY_RECOGNITION" />
115-->[io.nlopez.smartlocation:library:3.2.11] AndroidManifest.xml:16:5-94
115-->[io.nlopez.smartlocation:library:3.2.11] AndroidManifest.xml:16:22-91
116
117    <application
117-->src\main\AndroidManifest.xml:48:3-380:17
118        android:name="host.exp.exponent.MainApplication"
118-->src\main\AndroidManifest.xml:49:5-36
119        android:allowBackup="true"
119-->src\main\AndroidManifest.xml:50:5-31
120        android:appComponentFactory="androidx.core.app.CoreComponentFactory"
120-->[androidx.core:core:1.1.0] AndroidManifest.xml:24:18-86
121        android:icon="@mipmap/ic_launcher"
121-->src\main\AndroidManifest.xml:51:5-39
122        android:label="@string/app_name"
122-->src\main\AndroidManifest.xml:52:5-37
123        android:largeHeap="true"
123-->src\main\AndroidManifest.xml:53:5-29
124        android:supportsRtl="true"
124-->[com.facebook.android:facebook-android-sdk:5.0.1] AndroidManifest.xml:28:18-44
125        android:usesCleartextTraffic="true" >
125-->src\main\AndroidManifest.xml:55:5-40
126        <activity
126-->src\main\AndroidManifest.xml:57:5-62:16
127            android:name="host.exp.exponent.LauncherActivity"
127-->src\main\AndroidManifest.xml:58:7-39
128            android:exported="true"
128-->src\main\AndroidManifest.xml:59:7-30
129            android:launchMode="singleTask"
129-->src\main\AndroidManifest.xml:60:7-38
130            android:theme="@android:style/Theme.Translucent.NoTitleBar" >
130-->src\main\AndroidManifest.xml:61:7-66
131        </activity>
132        <activity
132-->src\main\AndroidManifest.xml:64:5-69:16
133            android:name="host.exp.exponent.experience.ExperienceActivity"
133-->src\main\AndroidManifest.xml:65:7-52
134            android:configChanges="keyboard|keyboardHidden|orientation|screenSize"
134-->src\main\AndroidManifest.xml:66:7-77
135            android:theme="@style/Theme.Exponent.Light"
135-->src\main\AndroidManifest.xml:67:7-50
136            android:windowSoftInputMode="adjustResize" >
136-->src\main\AndroidManifest.xml:68:7-49
137        </activity>
138        <activity
138-->src\main\AndroidManifest.xml:70:1-88:16
139            android:name="host.exp.exponent.ShareActivity"
139-->src\main\AndroidManifest.xml:71:7-36
140            android:configChanges="keyboard|keyboardHidden|orientation|screenSize"
140-->src\main\AndroidManifest.xml:73:7-77
141            android:theme="@style/Theme.Exponent.Splash"
141-->src\main\AndroidManifest.xml:74:7-51
142            android:windowSoftInputMode="adjustResize" >
142-->src\main\AndroidManifest.xml:75:7-49
143            <intent-filter>
143-->src\main\AndroidManifest.xml:77:9-85:26
144                <action android:name="android.intent.action.SEND_MULTIPLE" />
144-->src\main\AndroidManifest.xml:78:11-72
144-->src\main\AndroidManifest.xml:78:19-69
145                <action android:name="android.intent.action.SEND" />
145-->src\main\AndroidManifest.xml:79:17-69
145-->src\main\AndroidManifest.xml:79:25-66
146
147                <category android:name="android.intent.category.DEFAULT" />
147-->src\main\AndroidManifest.xml:81:17-76
147-->src\main\AndroidManifest.xml:81:27-73
148
149                <data android:mimeType="*/*" />
149-->src\main\AndroidManifest.xml:83:17-48
149-->src\main\AndroidManifest.xml:83:23-45
150            </intent-filter>
151
152            <!-- ADD DETACH APP SPECIFIC INTENT FILTERS -->
153        </activity>
154        <activity
154-->src\main\AndroidManifest.xml:89:5-110:16
155            android:name="host.exp.exponent.MainActivity"
155-->src\main\AndroidManifest.xml:90:7-35
156            android:configChanges="keyboard|keyboardHidden|orientation|screenSize"
156-->src\main\AndroidManifest.xml:92:7-77
157            android:launchMode="singleTask"
157-->src\main\AndroidManifest.xml:91:7-38
158            android:theme="@style/AppTheme"
158-->src\main\AndroidManifest.xml:93:7-38
159            android:windowSoftInputMode="adjustResize" >
159-->src\main\AndroidManifest.xml:94:7-49
160            <intent-filter>
160-->src\main\AndroidManifest.xml:95:7-102:23
161                <data android:scheme="exp58dee0118acb4bf2b023822264336a3d" />
161-->src\main\AndroidManifest.xml:83:17-48
161-->src\main\AndroidManifest.xml:96:15-67
162
163                <action android:name="android.intent.action.VIEW" />
163-->src\main\AndroidManifest.xml:98:9-60
163-->src\main\AndroidManifest.xml:98:17-58
164
165                <category android:name="android.intent.category.DEFAULT" />
165-->src\main\AndroidManifest.xml:81:17-76
165-->src\main\AndroidManifest.xml:81:27-73
166                <category android:name="android.intent.category.BROWSABLE" />
166-->src\main\AndroidManifest.xml:101:9-69
166-->src\main\AndroidManifest.xml:101:19-67
167            </intent-filter>
168            <intent-filter>
168-->src\main\AndroidManifest.xml:104:7-108:23
169                <action android:name="android.intent.action.MAIN" />
169-->src\main\AndroidManifest.xml:105:9-60
169-->src\main\AndroidManifest.xml:105:17-58
170
171                <category android:name="android.intent.category.LAUNCHER" />
171-->src\main\AndroidManifest.xml:107:9-68
171-->src\main\AndroidManifest.xml:107:19-66
172            </intent-filter>
173            <!-- ADD DETACH APP SPECIFIC INTENT FILTERS -->
174        </activity>
175        <activity
175-->src\main\AndroidManifest.xml:112:5-118:16
176            android:name="host.exp.exponent.experience.HomeActivity"
176-->src\main\AndroidManifest.xml:113:7-46
177            android:label="@string/app_name"
177-->src\main\AndroidManifest.xml:114:7-39
178            android:launchMode="singleTask"
178-->src\main\AndroidManifest.xml:115:7-38
179            android:screenOrientation="portrait"
179-->src\main\AndroidManifest.xml:116:7-43
180            android:theme="@style/Theme.Exponent.Light" >
180-->src\main\AndroidManifest.xml:117:7-50
181        </activity>
182        <activity
182-->src\main\AndroidManifest.xml:120:5-129:15
183            android:name="host.exp.exponent.experience.TvActivity"
183-->src\main\AndroidManifest.xml:121:7-44
184            android:label="@string/app_name"
184-->src\main\AndroidManifest.xml:122:7-39
185            android:screenOrientation="landscape"
185-->src\main\AndroidManifest.xml:124:7-44
186            android:theme="@style/Theme.Exponent.Light" >
186-->src\main\AndroidManifest.xml:123:7-50
187            <intent-filter>
187-->src\main\AndroidManifest.xml:125:6-128:22
188                <action android:name="android.intent.action.MAIN" />
188-->src\main\AndroidManifest.xml:105:9-60
188-->src\main\AndroidManifest.xml:105:17-58
189
190                <category android:name="android.intent.category.LEANBACK_LAUNCHER" />
190-->src\main\AndroidManifest.xml:127:8-77
190-->src\main\AndroidManifest.xml:127:18-74
191            </intent-filter>
192        </activity>
193        <activity android:name="com.facebook.react.devsupport.DevSettingsActivity" />
193-->src\main\AndroidManifest.xml:133:5-81
193-->src\main\AndroidManifest.xml:133:15-79
194        <!-- WHEN_PREPARING_SHELL_REMOVE_FROM_HERE -->
195        <!-- ADD DEV SETTINGS HERE -->
196        <!-- BEGIN_SDK_36 -->
197        <activity android:name="abi36_0_0.com.facebook.react.devsupport.DevSettingsActivity" />
197-->src\main\AndroidManifest.xml:137:5-91
197-->src\main\AndroidManifest.xml:137:15-89
198        <!-- END_SDK_36 -->
199        <!-- BEGIN_SDK_35 -->
200        <activity android:name="abi35_0_0.com.facebook.react.devsupport.DevSettingsActivity" />
200-->src\main\AndroidManifest.xml:140:5-91
200-->src\main\AndroidManifest.xml:140:15-89
201        <!-- END_SDK_35 -->
202        <!-- BEGIN_SDK_34 -->
203        <activity android:name="abi34_0_0.com.facebook.react.devsupport.DevSettingsActivity" />
203-->src\main\AndroidManifest.xml:143:5-91
203-->src\main\AndroidManifest.xml:143:15-89
204        <!-- END_SDK_34 -->
205        <!-- BEGIN_SDK_33 -->
206        <activity android:name="abi33_0_0.com.facebook.react.devsupport.DevSettingsActivity" />
206-->src\main\AndroidManifest.xml:146:5-91
206-->src\main\AndroidManifest.xml:146:15-89
207        <!-- END_SDK_33 -->
208        <!-- WHEN_PREPARING_SHELL_REMOVE_TO_HERE -->
209
210        <activity android:name="net.openid.appauth.RedirectUriReceiverActivity" >
210-->src\main\AndroidManifest.xml:150:5-159:16
210-->src\main\AndroidManifest.xml:151:9-70
211            <intent-filter>
211-->src\main\AndroidManifest.xml:153:7-158:23
212                <action android:name="android.intent.action.VIEW" />
212-->src\main\AndroidManifest.xml:98:9-60
212-->src\main\AndroidManifest.xml:98:17-58
213
214                <category android:name="android.intent.category.DEFAULT" />
214-->src\main\AndroidManifest.xml:81:17-76
214-->src\main\AndroidManifest.xml:81:27-73
215                <category android:name="android.intent.category.BROWSABLE" />
215-->src\main\AndroidManifest.xml:101:9-69
215-->src\main\AndroidManifest.xml:101:19-67
216
217                <data
217-->src\main\AndroidManifest.xml:83:17-48
218                    android:path="oauthredirect"
218-->src\main\AndroidManifest.xml:157:54-82
219                    android:scheme="com.vrexperts.fastapp" />
219-->src\main\AndroidManifest.xml:96:15-67
220            </intent-filter>
221        </activity>
222
223        <!-- START OF STRIPE SCHEMES -->
224        <activity
224-->src\main\AndroidManifest.xml:162:5-173:16
225            android:name="expo.modules.payments.stripe.RedirectUriReceiver"
225-->src\main\AndroidManifest.xml:165:9-72
226            android:exported="true"
226-->src\main\AndroidManifest.xml:163:9-32
227            android:launchMode="singleTask"
227-->src\main\AndroidManifest.xml:164:9-40
228            android:theme="@android:style/Theme.Translucent.NoTitleBar.Fullscreen" >
228-->src\main\AndroidManifest.xml:166:9-79
229            <intent-filter>
229-->src\main\AndroidManifest.xml:167:9-172:25
230                <action android:name="android.intent.action.VIEW" />
230-->src\main\AndroidManifest.xml:98:9-60
230-->src\main\AndroidManifest.xml:98:17-58
231
232                <category android:name="android.intent.category.DEFAULT" />
232-->src\main\AndroidManifest.xml:81:17-76
232-->src\main\AndroidManifest.xml:81:27-73
233                <category android:name="android.intent.category.BROWSABLE" />
233-->src\main\AndroidManifest.xml:101:9-69
233-->src\main\AndroidManifest.xml:101:19-67
234
235                <data android:scheme="expo.modules.payments.stripe.4964cfee-18ad-4385-8e28-52ea5584f89e" />
235-->src\main\AndroidManifest.xml:83:17-48
235-->src\main\AndroidManifest.xml:96:15-67
236            </intent-filter>
237        </activity>
238        <!-- Versioned Activity for Stripe -->
239        <!-- BEGIN_SDK_36 -->
240        <activity
240-->src\main\AndroidManifest.xml:176:5-187:16
241            android:name="abi36_0_0.expo.modules.payments.stripe.RedirectUriReceiver"
241-->src\main\AndroidManifest.xml:179:7-80
242            android:exported="true"
242-->src\main\AndroidManifest.xml:177:7-30
243            android:launchMode="singleTask"
243-->src\main\AndroidManifest.xml:178:7-38
244            android:theme="@android:style/Theme.Translucent.NoTitleBar.Fullscreen" >
244-->src\main\AndroidManifest.xml:180:7-77
245            <intent-filter>
245-->src\main\AndroidManifest.xml:181:7-186:23
246                <action android:name="android.intent.action.VIEW" />
246-->src\main\AndroidManifest.xml:98:9-60
246-->src\main\AndroidManifest.xml:98:17-58
247
248                <category android:name="android.intent.category.DEFAULT" />
248-->src\main\AndroidManifest.xml:81:17-76
248-->src\main\AndroidManifest.xml:81:27-73
249                <category android:name="android.intent.category.BROWSABLE" />
249-->src\main\AndroidManifest.xml:101:9-69
249-->src\main\AndroidManifest.xml:101:19-67
250
251                <data android:scheme="abi36_0_0.expo.modules.payments.stripe" />
251-->src\main\AndroidManifest.xml:83:17-48
251-->src\main\AndroidManifest.xml:96:15-67
252            </intent-filter>
253        </activity>
254        <!-- END_SDK_36 -->
255        <!-- BEGIN_SDK_35 -->
256        <activity
256-->src\main\AndroidManifest.xml:190:3-201:14
257            android:name="abi35_0_0.expo.modules.payments.stripe.RedirectUriReceiver"
257-->src\main\AndroidManifest.xml:193:4-77
258            android:exported="true"
258-->src\main\AndroidManifest.xml:191:4-27
259            android:launchMode="singleTask"
259-->src\main\AndroidManifest.xml:192:4-35
260            android:theme="@android:style/Theme.Translucent.NoTitleBar.Fullscreen" >
260-->src\main\AndroidManifest.xml:194:4-74
261            <intent-filter>
261-->src\main\AndroidManifest.xml:195:4-200:20
262                <action android:name="android.intent.action.VIEW" />
262-->src\main\AndroidManifest.xml:98:9-60
262-->src\main\AndroidManifest.xml:98:17-58
263
264                <category android:name="android.intent.category.DEFAULT" />
264-->src\main\AndroidManifest.xml:81:17-76
264-->src\main\AndroidManifest.xml:81:27-73
265                <category android:name="android.intent.category.BROWSABLE" />
265-->src\main\AndroidManifest.xml:101:9-69
265-->src\main\AndroidManifest.xml:101:19-67
266
267                <data android:scheme="abi35_0_0.expo.modules.payments.stripe" />
267-->src\main\AndroidManifest.xml:83:17-48
267-->src\main\AndroidManifest.xml:96:15-67
268            </intent-filter>
269        </activity>
270        <!-- END_SDK_35 -->
271        <!-- BEGIN_SDK_34 -->
272        <activity
272-->src\main\AndroidManifest.xml:204:5-215:16
273            android:name="abi34_0_0.expo.modules.payments.stripe.RedirectUriReceiver"
273-->src\main\AndroidManifest.xml:207:7-80
274            android:exported="true"
274-->src\main\AndroidManifest.xml:205:7-30
275            android:launchMode="singleTask"
275-->src\main\AndroidManifest.xml:206:7-38
276            android:theme="@android:style/Theme.Translucent.NoTitleBar.Fullscreen" >
276-->src\main\AndroidManifest.xml:208:7-77
277            <intent-filter>
277-->src\main\AndroidManifest.xml:209:7-214:23
278                <action android:name="android.intent.action.VIEW" />
278-->src\main\AndroidManifest.xml:98:9-60
278-->src\main\AndroidManifest.xml:98:17-58
279
280                <category android:name="android.intent.category.DEFAULT" />
280-->src\main\AndroidManifest.xml:81:17-76
280-->src\main\AndroidManifest.xml:81:27-73
281                <category android:name="android.intent.category.BROWSABLE" />
281-->src\main\AndroidManifest.xml:101:9-69
281-->src\main\AndroidManifest.xml:101:19-67
282
283                <data android:scheme="abi34_0_0.expo.modules.payments.stripe" />
283-->src\main\AndroidManifest.xml:83:17-48
283-->src\main\AndroidManifest.xml:96:15-67
284            </intent-filter>
285        </activity>
286        <!-- END_SDK_34 -->
287        <!-- BEGIN_SDK_33 -->
288        <activity
288-->src\main\AndroidManifest.xml:218:5-229:16
289            android:name="abi33_0_0.expo.modules.payments.stripe.RedirectUriReceiver"
289-->src\main\AndroidManifest.xml:221:7-80
290            android:exported="true"
290-->src\main\AndroidManifest.xml:219:7-30
291            android:launchMode="singleTask"
291-->src\main\AndroidManifest.xml:220:7-38
292            android:theme="@android:style/Theme.Translucent.NoTitleBar.Fullscreen" >
292-->src\main\AndroidManifest.xml:222:7-77
293            <intent-filter>
293-->src\main\AndroidManifest.xml:223:7-228:23
294                <action android:name="android.intent.action.VIEW" />
294-->src\main\AndroidManifest.xml:98:9-60
294-->src\main\AndroidManifest.xml:98:17-58
295
296                <category android:name="android.intent.category.DEFAULT" />
296-->src\main\AndroidManifest.xml:81:17-76
296-->src\main\AndroidManifest.xml:81:27-73
297                <category android:name="android.intent.category.BROWSABLE" />
297-->src\main\AndroidManifest.xml:101:9-69
297-->src\main\AndroidManifest.xml:101:19-67
298
299                <data android:scheme="abi33_0_0.expo.modules.payments.stripe" />
299-->src\main\AndroidManifest.xml:83:17-48
299-->src\main\AndroidManifest.xml:96:15-67
300            </intent-filter>
301        </activity>
302        <!-- END_SDK_33 -->
303        <!-- END OF STRIPE SCHEMES -->
304
305        <activity
305-->src\main\AndroidManifest.xml:233:5-237:16
306            android:name="host.exp.exponent.experience.ErrorActivity"
306-->src\main\AndroidManifest.xml:234:7-47
307            android:screenOrientation="portrait"
307-->src\main\AndroidManifest.xml:236:7-43
308            android:theme="@style/Theme.Exponent.Dark" >
308-->src\main\AndroidManifest.xml:235:7-49
309        </activity>
310        <activity
310-->src\main\AndroidManifest.xml:239:5-243:16
311            android:name="host.exp.exponent.experience.InfoActivity"
311-->src\main\AndroidManifest.xml:240:7-46
312            android:screenOrientation="portrait"
312-->src\main\AndroidManifest.xml:241:7-43
313            android:theme="@style/Theme.Exponent.Light" >
313-->src\main\AndroidManifest.xml:242:7-50
314        </activity>
315        <activity
315-->src\main\AndroidManifest.xml:245:5-250:39
316            android:name="com.facebook.FacebookActivity"
316-->src\main\AndroidManifest.xml:246:7-51
317            android:configChanges="keyboard|keyboardHidden|screenLayout|screenSize|orientation"
317-->src\main\AndroidManifest.xml:247:7-90